MEM 807.093750 1754555037.1837
MEM 807.093750 1754555037.1865
MEM 6890.546875 1754555067.1903
MEM 6346.875000 1754555097.1937
MEM 5324.140625 1754555127.1991
MEM 3460.015625 1754555157.2060
MEM 7258.156250 1754555187.2646
MEM 7119.750000 1754555217.2698
MEM 8107.765625 1754555247.2756
MEM 7653.609375 1754555277.3031
MEM 8055.250000 1754555307.3152
MEM 8083.765625 1754555337.3220
MEM 8117.406250 1754555367.3274
MEM 8188.062500 1754555397.3325
MEM 7352.937500 1754555427.3378
MEM 7748.406250 1754555457.3503
MEM 7289.093750 1754555487.3558
MEM 7866.781250 1754555517.3612
MEM 8011.312500 1754555547.3663
MEM 8082.000000 1754555577.3715
MEM 7631.390625 1754555607.3771
MEM 8149.531250 1754555637.3829
MEM 8196.281250 1754555667.3885
MEM 8058.218750 1754555697.3941
MEM 8080.390625 1754555727.3991
MEM 8187.140625 1754555757.4041
MEM 8242.203125 1754555787.4073
MEM 8085.093750 1754555817.4125
MEM 8164.375000 1754555847.4172
MEM 7202.156250 1754555877.4242
MEM 7681.656250 1754555907.4291
MEM 7146.109375 1754555937.3815
MEM 8033.390625 1754555967.3881
MEM 6340.187500 1754555997.3984
MEM 7776.593750 1754556027.4029
MEM 7231.781250 1754556057.4069
MEM 8162.500000 1754556087.4115
MEM 7065.781250 1754556117.4164
MEM 5900.140625 1754556133.9163
