MEM 804.781250 1754520006.1622
MEM 804.781250 1754520006.1650
MEM 7984.656250 1754520036.1686
MEM 7885.203125 1754520066.1724
MEM 7224.578125 1754520096.1773
MEM 3721.515625 1754520126.1864
MEM 7698.640625 1754520156.1904
MEM 7687.406250 1754520186.1960
MEM 8445.265625 1754520216.2009
MEM 8263.906250 1754520246.2067
MEM 8201.625000 1754520276.2118
MEM 7976.203125 1754520306.2166
MEM 7725.000000 1754520336.2239
MEM 8315.359375 1754520366.2310
MEM 8384.906250 1754520396.2373
MEM 8413.812500 1754520426.2416
MEM 8401.109375 1754520456.2469
MEM 8146.875000 1754520486.2530
MEM 8143.359375 1754521536.2817
MEM 7602.234375 1754522583.3922
MEM 8103.234375 1754523516.2325
MEM 8267.828125 1754524526.6684
MEM 8214.234375 1754525631.5395
MEM 8309.062500 1754525661.5656
MEM 8280.000000 1754526672.4510
MEM 7859.421875 1754528592.9027
MEM 8158.796875 1754529690.0212
MEM 7989.859375 1754529722.2227
MEM 8308.968750 1754530777.7143
MEM 8014.890625 1754531784.1983
MEM 8377.125000 1754532890.4854
MEM 9194.593750 1754533965.3236
MEM 7073.609375 1754535018.0459
MEM 6002.687500 1754535024.6405
