MEM 616.718750 1754516480.7624
MEM 616.750000 1754516480.7666
MEM 4921.703125 1754516510.7759
MEM 5099.187500 1754516540.7821
MEM 4546.703125 1754516570.7878
MEM 3844.187500 1754516600.7949
MEM 7560.968750 1754516630.7972
MEM 6789.859375 1754517564.1792
MEM 7828.515625 1754518499.6650
MEM 6873.421875 1754519539.0767
MEM 7735.796875 1754519569.0687
MEM 7343.921875 1754519599.0739
MEM 7264.265625 1754519629.0793
MEM 7250.921875 1754519659.0856
MEM 7987.515625 1754519689.0916
MEM 7980.218750 1754519719.0964
MEM 8045.046875 1754519749.1017
MEM 7775.625000 1754519779.1076
MEM 7950.312500 1754519809.1133
MEM 7760.281250 1754519839.1186
MEM 7874.781250 1754519869.1262
MEM 7718.937500 1754519899.1325
MEM 7555.078125 1754519929.1375
MEM 7783.671875 1754519959.1453
MEM 6187.109375 1754519984.5788
