MEM 798.453125 1754535997.3050
MEM 798.453125 1754535997.3079
MEM 7527.046875 1754536969.0370
MEM 7747.062500 1754537913.9452
MEM 4186.312500 1754539894.7231
MEM 4211.968750 1754540854.8103
MEM 7458.078125 1754541839.1774
MEM 7157.000000 1754542938.8378
MEM 7809.718750 1754544044.9402
MEM 7954.203125 1754545005.8732
MEM 7890.890625 1754545943.0379
MEM 7920.437500 1754545973.0578
MEM 8010.765625 1754547074.0938
MEM 7900.468750 1754548020.4582
MEM 7861.218750 1754549118.2986
MEM 8000.750000 1754549884.1680
MEM 7931.703125 1754550946.1003
MEM 7620.828125 1754551681.9558
MEM 7786.593750 1754552111.4455
MEM 7574.562500 1754554144.3227
MEM 6526.015625 1754554484.4565
MEM 7873.734375 1754554514.4579
MEM 7889.609375 1754554544.4630
MEM 6663.765625 1754554574.4770
MEM 7614.703125 1754554604.4841
MEM 7895.140625 1754554634.4909
MEM 7989.390625 1754554664.4977
MEM 7956.109375 1754554694.5038
MEM 7904.328125 1754554724.5088
MEM 7985.343750 1754554754.5136
MEM 8040.890625 1754554784.5180
MEM 7930.671875 1754554814.5242
MEM 8003.343750 1754554844.5293
MEM 8116.187500 1754554874.5340
MEM 8160.406250 1754554904.5399
MEM 8189.093750 1754554934.5471
MEM 6316.546875 1754554964.5517
MEM 6204.421875 1754554994.5585
MEM 4872.218750 1754555016.0488
