MEM 783.890625 1755964621.6673
MEM 783.890625 1755964621.6713
MEM 6395.453125 1755964651.6773
MEM 5504.078125 1755964681.6842
MEM 3766.562500 1755964711.6914
MEM 5803.203125 1755964741.7017
MEM 7403.796875 1755964771.7085
MEM 7620.484375 1755964801.7156
MEM 7649.562500 1755964831.7234
MEM 7616.390625 1755964861.7299
MEM 7805.031250 1755964891.7386
MEM 7507.593750 1755964921.7478
MEM 7712.734375 1755964951.7558
MEM 7486.593750 1755964981.7650
MEM 7736.796875 1755965011.7728
MEM 7569.687500 1755965041.7800
MEM 7797.500000 1755965071.7865
MEM 7529.453125 1755965101.7942
MEM 7692.781250 1755965131.8031
MEM 7517.953125 1755965161.8129
MEM 7652.031250 1755965191.8195
MEM 7496.796875 1755965221.8270
MEM 7639.531250 1755965251.8346
MEM 7542.765625 1755965281.8450
MEM 7691.031250 1755965311.8525
MEM 7480.453125 1755965341.8590
MEM 7597.546875 1755965371.8671
MEM 7500.468750 1755965401.8724
MEM 7605.718750 1755965431.8809
MEM 7681.171875 1755965461.8877
MEM 5589.359375 1755965485.3262
