MEM 786.468750 1755961819.3653
MEM 786.468750 1755961819.3686
MEM 6855.187500 1755961849.3742
MEM 6662.953125 1755961879.3799
MEM 6010.968750 1755962868.4760
MEM 6681.843750 1755962898.4818
MEM 7067.031250 1755962928.4928
MEM 6977.718750 1755962958.5019
MEM 7805.656250 1755962988.5096
MEM 7221.515625 1755963018.5169
MEM 7571.906250 1755963048.5250
MEM 7617.656250 1755963078.5354
MEM 7622.250000 1755963108.5461
MEM 7531.187500 1755963138.5561
MEM 7575.515625 1755963168.5653
MEM 7546.359375 1755963198.5760
MEM 7576.953125 1755963228.6025
MEM 7358.687500 1755963258.6267
MEM 7410.343750 1755963288.6535
MEM 7365.421875 1755963318.6804
MEM 6413.734375 1755963348.7104
MEM 6748.312500 1755963378.7411
MEM 6608.015625 1755963408.7770
MEM 6069.343750 1755963438.8160
MEM 5771.265625 1755963468.8461
MEM 6787.484375 1755963498.8815
MEM 6201.656250 1755963528.9205
MEM 6675.031250 1755963558.9496
MEM 6547.406250 1755963588.9795
MEM 7246.031250 1755963619.0055
MEM 6844.750000 1755963649.0423
MEM 6701.640625 1755963679.0685
MEM 5048.875000 1755963709.1019
MEM 7268.843750 1755963739.1264
MEM 6551.031250 1755963769.1495
MEM 6492.562500 1755963799.1802
MEM 6530.578125 1755963829.2085
MEM 7227.390625 1755963859.2334
MEM 6702.968750 1755963889.2578
MEM 6944.000000 1755963919.2903
MEM 6779.421875 1755963949.3173
MEM 7280.593750 1755963979.3393
MEM 6974.031250 1755964009.3682
MEM 5391.593750 1755964039.4067
MEM 6723.859375 1755964069.4366
MEM 7266.390625 1755964099.4612
MEM 6397.687500 1755964129.4688
MEM 6341.718750 1755964159.4748
MEM 7260.843750 1755964189.4824
MEM 7345.515625 1755964219.4888
MEM 7350.734375 1755964249.4961
MEM 7413.953125 1755964279.5031
MEM 7322.828125 1755964309.5102
MEM 7392.234375 1755964339.5164
MEM 7373.203125 1755964369.5230
MEM 7396.953125 1755964399.5328
MEM 7255.468750 1755964429.5392
MEM 7391.296875 1755964459.5458
MEM 6784.859375 1755964489.5536
MEM 6616.812500 1755964519.5639
MEM 3592.640625 1755964549.5732
MEM 5956.953125 1755964579.5796
MEM 4791.046875 1755964600.2451
