MEM 785.640625 1755959988.6811
MEM 785.656250 1755959988.6854
MEM 7339.937500 1755960018.6927
MEM 5596.640625 1755960048.6999
MEM 3722.562500 1755960078.7074
MEM 3780.906250 1755961064.3654
MEM 6484.328125 1755961255.7248
MEM 6636.437500 1755961285.7313
MEM 7867.078125 1755961315.7382
MEM 7912.875000 1755961345.7451
MEM 7897.734375 1755961375.7527
MEM 7537.796875 1755961405.7597
MEM 7931.234375 1755961435.7676
MEM 8009.359375 1755961465.7745
MEM 7897.406250 1755961495.7851
MEM 7591.906250 1755961525.7932
MEM 7924.984375 1755961555.8015
MEM 7794.890625 1755961585.8086
MEM 7534.953125 1755961615.8161
MEM 7149.500000 1755961645.8232
MEM 7247.625000 1755961675.8300
MEM 7750.187500 1755961705.8400
MEM 7224.546875 1755961735.8476
MEM 7829.968750 1755961765.8532
MEM 5419.640625 1755961795.8605
MEM 5058.625000 1755961798.4540
