MEM 786.781250 1755952418.8746
MEM 786.781250 1755952418.8805
MEM 6700.750000 1755952448.8860
MEM 3826.484375 1755952478.8910
MEM 2962.750000 1755952508.8992
MEM 6791.437500 1755952538.9095
MEM 6628.718750 1755952568.9168
MEM 7570.671875 1755952598.9243
MEM 7610.578125 1755952628.9377
MEM 6374.671875 1755952658.9511
MEM 7408.484375 1755952688.9586
MEM 6351.656250 1755952718.9777
MEM 7417.890625 1755952748.9873
MEM 7690.687500 1755952779.0022
MEM 7500.218750 1755952809.0145
MEM 7606.484375 1755952839.0216
MEM 7384.687500 1755952869.0298
MEM 7630.093750 1755952899.0357
MEM 7315.593750 1755952929.0483
MEM 7174.281250 1755952959.0566
MEM 7584.109375 1755952989.0623
MEM 7668.078125 1755953019.0700
MEM 6669.453125 1755953948.5014
MEM 6071.187500 1755954877.7650
MEM 6998.093750 1755954907.7705
MEM 7571.828125 1755954937.7824
MEM 6697.718750 1755955897.4395
MEM 6303.453125 1755956899.7083
MEM 7125.484375 1755956929.7288
MEM 7227.390625 1755957896.0212
MEM 6279.734375 1755958846.2438
MEM 7161.921875 1755958876.2590
MEM 6184.484375 1755959854.1055
MEM 4784.906250 1755959966.2247
