INFO:pypsa.io:Imported network base_s_39___2050_brownfield.nc has buses, carriers, generators, global_constraints, lines, links, loads, storage_units, stores
WARNING:pypsa.consistency:The following buses have no attached components, which can break the lopf: {'EU'}
INFO:__main__:Adding solar potential constraint.
INFO:__main__:Adding capacity limits for all countries
INFO:__main__:the investment year is 2050
INFO:__main__:Adding maximum constraints for links
INFO:__main__:Adding constraint on Link H2 Electrolysis capacity in all countries to be maximum 450000.0 MW
INFO:__main__:Existing Link H2 Electrolysis capacity: 449611.87735456467 MW
INFO:__main__:Adding constraint on Link SMR capacity in all countries to be maximum 10000.0 MW
INFO:__main__:Existing Link SMR capacity: 4967.173187141065 MW
INFO:__main__:Adding constraint on Link SMR_cc capacity in all countries to be maximum 4000.0 MW
INFO:__main__:Existing Link SMR_cc capacity: 0.0 MW
INFO:__main__:Adding constraint on Link H2 pipeline capacity in all countries to be maximum 150000.0 MW
INFO:__main__:Existing Link H2 pipeline capacity: 149994.60675413412 MW
INFO:__main__:Adding constraint on Link H2 pipeline retrofitted capacity in all countries to be maximum 40000.0 MW
INFO:__main__:Existing Link H2 pipeline retrofitted capacity: 39997.683137797234 MW
INFO:linopy.model: Solve problem using Gurobi solver
INFO:linopy.model:Solver options:
 - threads: 8
 - method: 2
 - crossover: 0
 - BarConvTol: 1e-06
 - Seed: 123
 - AggFill: 0
 - PreDual: 0
 - GURO_PAR_BARDENSETHRESH: 200
INFO:linopy.io:Writing objective.
INFO:linopy.io: Writing time: 12.07s
INFO:linopy.constants: Optimization successful: 
Status: ok
Termination condition: optimal
Solution: 2183475 primals, 4432555 duals
Objective: 5.86e+10
Solver model: available
Solver message: 2

INFO:pypsa.optimization.optimize:The shadow-prices of the constraints Generator-fix-p-lower, Generator-fix-p-upper, Generator-ext-p-lower, Generator-ext-p-upper, Line-ext-s-lower, Line-ext-s-upper, Link-fix-p-lower, Link-fix-p-upper, Link-ext-p-lower, Link-ext-p-upper, Store-fix-e-lower, Store-fix-e-upper, Store-ext-e-lower, Store-ext-e-upper, StorageUnit-fix-p_dispatch-lower, StorageUnit-fix-p_dispatch-upper, StorageUnit-fix-p_store-lower, StorageUnit-fix-p_store-upper, StorageUnit-fix-state_of_charge-lower, StorageUnit-fix-state_of_charge-upper, Kirchhoff-Voltage-Law, StorageUnit-energy_balance, Store-energy_balance, Line-loss_upper, Line-loss_tangents-1--1, Line-loss_tangents-1-1, Line-loss_tangents-2--1, Line-loss_tangents-2-1, solar_potential were not assigned to the network.
INFO:__main__:Maximum memory usage: (4227.046875, 1753434360.8897789)
INFO:pypsa.io:Exported network 'base_s_39___2050.nc' contains: storage_units, generators, carriers, loads, links, lines, global_constraints, stores, buses
